11:05:15:802 [RMI TCP Connection(2)-127.0.0.1] INFO  o.e.w.controller.Customer - Init method invoked
11:05:15:809 [RMI TCP Connection(2)-127.0.0.1] ERROR o.e.w.controller.Customer - Connection failed
javax.naming.NameNotFoundException: Name [pos] is not bound in this Context. Unable to find [pos].
	at org.apache.naming.NamingContext.lookup(NamingContext.java:520)
	at org.apache.naming.NamingContext.lookup(NamingContext.java:148)
	at org.apache.naming.NamingContext.lookup(NamingContext.java:530)
	at org.apache.naming.NamingContext.lookup(NamingContext.java:148)
	at org.apache.naming.NamingContext.lookup(NamingContext.java:530)
	at org.apache.naming.NamingContext.lookup(NamingContext.java:148)
	at org.apache.naming.NamingContext.lookup(NamingContext.java:530)
	at org.apache.naming.NamingContext.lookup(NamingContext.java:155)
	at org.apache.naming.SelectorContext.lookup(SelectorContext.java:144)
	at java.naming/javax.naming.InitialContext.lookup(InitialContext.java:409)
	at org.example.webposbackend.controller.Customer.init(Customer.java:34)
	at jakarta.servlet.GenericServlet.init(GenericServlet.java:143)
	at jakarta.servlet.http.HttpServlet.init(HttpServlet.java:121)
	at org.apache.catalina.core.StandardWrapper.initServlet(StandardWrapper.java:837)
	at org.apache.catalina.core.StandardWrapper.loadServlet(StandardWrapper.java:794)
	at org.apache.catalina.core.StandardWrapper.load(StandardWrapper.java:698)
	at org.apache.catalina.core.StandardContext.loadOnStartup(StandardContext.java:4172)
	at org.apache.catalina.core.StandardContext.startInternal(StandardContext.java:4458)
	at org.apache.catalina.util.LifecycleBase.start(LifecycleBase.java:171)
	at org.apache.catalina.core.ContainerBase.addChildInternal(ContainerBase.java:599)
	at org.apache.catalina.core.ContainerBase.addChild(ContainerBase.java:571)
	at org.apache.catalina.core.StandardHost.addChild(StandardHost.java:654)
	at org.apache.catalina.startup.HostConfig.manageApp(HostConfig.java:1796)
	at java.base/jdk.internal.reflect.NativeMethodAccessorImpl.invoke0(Native Method)
	at java.base/jdk.internal.reflect.NativeMethodAccessorImpl.invoke(NativeMethodAccessorImpl.java:77)
	at java.base/jdk.internal.reflect.DelegatingMethodAccessorImpl.invoke(DelegatingMethodAccessorImpl.java:43)
	at java.base/java.lang.reflect.Method.invoke(Method.java:568)
	at org.apache.tomcat.util.modeler.BaseModelMBean.invoke(BaseModelMBean.java:264)
	at java.management/com.sun.jmx.interceptor.DefaultMBeanServerInterceptor.invoke(DefaultMBeanServerInterceptor.java:814)
	at java.management/com.sun.jmx.mbeanserver.JmxMBeanServer.invoke(JmxMBeanServer.java:802)
	at org.apache.catalina.mbeans.MBeanFactory.createStandardContext(MBeanFactory.java:422)
	at org.apache.catalina.mbeans.MBeanFactory.createStandardContext(MBeanFactory.java:376)
	at java.base/jdk.internal.reflect.NativeMethodAccessorImpl.invoke0(Native Method)
	at java.base/jdk.internal.reflect.NativeMethodAccessorImpl.invoke(NativeMethodAccessorImpl.java:77)
	at java.base/jdk.internal.reflect.DelegatingMethodAccessorImpl.invoke(DelegatingMethodAccessorImpl.java:43)
	at java.base/java.lang.reflect.Method.invoke(Method.java:568)
	at org.apache.tomcat.util.modeler.BaseModelMBean.invoke(BaseModelMBean.java:264)
	at java.management/com.sun.jmx.interceptor.DefaultMBeanServerInterceptor.invoke(DefaultMBeanServerInterceptor.java:814)
	at java.management/com.sun.jmx.mbeanserver.JmxMBeanServer.invoke(JmxMBeanServer.java:802)
	at java.management/com.sun.jmx.remote.security.MBeanServerAccessController.invoke(MBeanServerAccessController.java:472)
	at java.management.rmi/javax.management.remote.rmi.RMIConnectionImpl.doOperation(RMIConnectionImpl.java:1472)
	at java.management.rmi/javax.management.remote.rmi.RMIConnectionImpl$PrivilegedOperation.run(RMIConnectionImpl.java:1310)
	at java.base/java.security.AccessController.doPrivileged(AccessController.java:712)
	at java.management.rmi/javax.management.remote.rmi.RMIConnectionImpl.doPrivilegedOperation(RMIConnectionImpl.java:1412)
	at java.management.rmi/javax.management.remote.rmi.RMIConnectionImpl.invoke(RMIConnectionImpl.java:829)
	at java.base/jdk.internal.reflect.NativeMethodAccessorImpl.invoke0(Native Method)
	at java.base/jdk.internal.reflect.NativeMethodAccessorImpl.invoke(NativeMethodAccessorImpl.java:77)
	at java.base/jdk.internal.reflect.DelegatingMethodAccessorImpl.invoke(DelegatingMethodAccessorImpl.java:43)
	at java.base/java.lang.reflect.Method.invoke(Method.java:568)
	at java.rmi/sun.rmi.server.UnicastServerRef.dispatch(UnicastServerRef.java:360)
	at java.rmi/sun.rmi.transport.Transport$1.run(Transport.java:200)
	at java.rmi/sun.rmi.transport.Transport$1.run(Transport.java:197)
	at java.base/java.security.AccessController.doPrivileged(AccessController.java:712)
	at java.rmi/sun.rmi.transport.Transport.serviceCall(Transport.java:196)
	at java.rmi/sun.rmi.transport.tcp.TCPTransport.handleMessages(TCPTransport.java:587)
	at java.rmi/sun.rmi.transport.tcp.TCPTransport$ConnectionHandler.run0(TCPTransport.java:828)
	at java.rmi/sun.rmi.transport.tcp.TCPTransport$ConnectionHandler.lambda$run$0(TCPTransport.java:705)
	at java.base/java.security.AccessController.doPrivileged(AccessController.java:399)
	at java.rmi/sun.rmi.transport.tcp.TCPTransport$ConnectionHandler.run(TCPTransport.java:704)
	at java.base/java.util.concurrent.ThreadPoolExecutor.runWorker(ThreadPoolExecutor.java:1136)
	at java.base/java.util.concurrent.ThreadPoolExecutor$Worker.run(ThreadPoolExecutor.java:635)
	at java.base/java.lang.Thread.run(Thread.java:840)
11:12:30:182 [RMI TCP Connection(2)-127.0.0.1] INFO  o.e.w.controller.Customer - Init method invoked
11:12:30:648 [RMI TCP Connection(2)-127.0.0.1] INFO  o.e.w.controller.Customer - Connection initialized
11:12:58:391 [http-nio-8080-exec-8] INFO  o.e.w.controller.Customer - Invoke idGenerate()
11:12:58:521 [http-nio-8080-exec-8] INFO  o.e.w.controller.Customer - Customer saved successfully
11:14:42:559 [http-nio-8080-exec-1] INFO  o.e.w.controller.Customer - Invoke idGenerate()
11:14:42:628 [http-nio-8080-exec-1] INFO  o.e.w.controller.Customer - Customer saved successfully
11:17:01:085 [RMI TCP Connection(2)-127.0.0.1] INFO  o.e.w.controller.Customer - Init method invoked
11:17:01:540 [RMI TCP Connection(2)-127.0.0.1] INFO  o.e.w.controller.Customer - Connection initialized
11:17:48:104 [http-nio-8080-exec-8] INFO  o.e.w.controller.Customer - Invoke idGenerate()
11:17:48:238 [http-nio-8080-exec-8] INFO  o.e.w.controller.Customer - Customer saved successfully
11:18:20:824 [http-nio-8080-exec-1] INFO  o.e.w.controller.Customer - Invoke idGenerate()
11:18:20:899 [http-nio-8080-exec-1] INFO  o.e.w.controller.Customer - Customer saved successfully
